<?xml version="1.0" encoding="UTF-8"?>
<!-- Generated by org.testng.reporters.JUnitReportReporter -->
<testsuite skipped="0" hostname="LAPTOP-HK26NAV8" name="Pracitice_Maven.CreateContactTest" tests="3" failures="0" timestamp="18 Jan 2023 09:22:40 GMT" time="0.008" errors="0">
  <testcase name="deleted" time="0.001" classname="Pracitice_Maven.CreateContactTest"/>
  <testcase name="create" time="0.007" classname="Pracitice_Maven.CreateContactTest"/>
  <testcase name="edit" time="0.000" classname="Pracitice_Maven.CreateContactTest"/>
</testsuite> <!-- Pracitice_Maven.CreateContactTest -->
