<?xml version="1.0" encoding="UTF-8"?>
<!-- Generated by org.testng.reporters.JUnitReportReporter -->
<testsuite skipped="0" hostname="LAPTOP-HK26NAV8" name="Pracitice_Maven.AutomateLogintest" tests="1" failures="0" timestamp="18 Jan 2023 09:25:21 GMT" time="0.008" errors="0">
  <testcase name="logindetail" time="0.008" classname="Pracitice_Maven.AutomateLogintest"/>
</testsuite> <!-- Pracitice_Maven.AutomateLogintest -->
